<?xml version="1.0" encoding="UTF-8"?>
<!-- Generated by org.testng.reporters.JUnitXMLReporter -->
<testsuite ignored="1" hostname="DESKTOP-81ARGGN" failures="0" tests="1" name="Default test" time="120.377" errors="0" timestamp="2021-05-17T12:41:39 IST">
  <testcase classname="com.scientificgames.test.LoginTest" name="validCredentialTest" time="110.651"/>
  <testcase classname="com.scientificgames.test.LoginTest" name="invalidCredentialTest" time="0.0">
    <ignored/>
  </testcase> <!-- invalidCredentialTest -->
</testsuite> <!-- Default test -->
