<?xml version="1.0" encoding="UTF-8"?>
<testng-results ignored="1" total="2" passed="1" failed="0" skipped="0">
  <reporter-output>
    <line>
      <![CDATA[completed validCredentialData]]>
    </line>
  </reporter-output>
  <suite started-at="2021-05-18T12:24:08 IST" name="OpenEMR Suite" finished-at="2021-05-18T12:24:27 IST" duration-ms="19277">
    <groups>
    </groups>
    <test started-at="2021-05-18T12:24:08 IST" name="Login Test - A" finished-at="2021-05-18T12:24:27 IST" duration-ms="19277">
      <class name="com.scientificgames.test.LoginTest">
        <test-method is-config="true" signature="setup(java.lang.String,java.lang.String)[pri:0, instance:com.scientificgames.test.LoginTest@741a8937]" started-at="2021-05-18T12:24:08 IST" name="setup" finished-at="2021-05-18T12:24:20 IST" duration-ms="11803" status="PASS">
          <params>
            <param index="0">
              <value>
                <![CDATA[ch]]>
              </value>
            </param>
            <param index="1">
              <value>
                <![CDATA[https://demo.openemr.io/a/openemr/index.php]]>
              </value>
            </param>
          </params>
          <reporter-output>
          </reporter-output>
        </test-method> <!-- setup -->
        <test-method signature="validCredentialTest(java.lang.String,java.lang.String,java.lang.String,java.lang.String)[pri:0, instance:com.scientificgames.test.LoginTest@741a8937]" started-at="2021-05-18T12:24:20 IST" name="validCredentialTest" data-provider="validCredentialData" finished-at="2021-05-18T12:24:26 IST" duration-ms="6350" status="PASS">
          <params>
            <param index="0">
              <value>
                <![CDATA[admin]]>
              </value>
            </param>
            <param index="1">
              <value>
                <![CDATA[pass]]>
              </value>
            </param>
            <param index="2">
              <value>
                <![CDATA[English (Indian)]]>
              </value>
            </param>
            <param index="3">
              <value>
                <![CDATA[OpenEMR]]>
              </value>
            </param>
          </params>
          <reporter-output>
            <line>
              <![CDATA[completed validCredentialData]]>
            </line>
          </reporter-output>
        </test-method> <!-- validCredentialTest -->
        <test-method is-config="true" signature="teardown(java.lang.reflect.Method)[pri:0, instance:com.scientificgames.test.LoginTest@741a8937]" started-at="2021-05-18T12:24:26 IST" name="teardown" finished-at="2021-05-18T12:24:27 IST" duration-ms="1064" status="PASS">
          <params>
            <param index="0">
              <value>
                <![CDATA[public void com.scientificgames.test.LoginTest.validCredentialTest(java.lang.String,java.lang.String,java.lang.String,java.lang.String)]]>
              </value>
            </param>
          </params>
          <reporter-output>
          </reporter-output>
        </test-method> <!-- teardown -->
      </class> <!-- com.scientificgames.test.LoginTest -->
    </test> <!-- Login Test - A -->
  </suite> <!-- OpenEMR Suite -->
</testng-results>
