<?xml version="1.0" encoding="UTF-8"?>
<!-- Generated by org.testng.reporters.JUnitXMLReporter -->
<testsuite ignored="1" hostname="DESKTOP-81ARGGN" failures="0" tests="1" name="Login Test - A" time="19.277" errors="0" timestamp="2021-05-18T12:24:28 IST">
  <testcase classname="com.scientificgames.test.LoginTest" name="validCredentialTest" time="6.35"/>
  <testcase classname="com.scientificgames.test.LoginTest" name="invalidCredentialTest" time="0.0">
    <ignored/>
  </testcase> <!-- invalidCredentialTest -->
</testsuite> <!-- Login Test - A -->
